=== START IMPORT 2017-08-30 09:26:45 ===
MailPoet data erased
MailPoet 2 data found:
2 subscribers lists
1 subscriber
1 form

Importing segments...
2 segments imported
Importing custom fields...
0 custom fields imported
Importing subscribers...
1 subscriber imported
Importing forms...
1 form imported
Settings imported
IMPORT COMPLETE
=== END IMPORT 2017-08-30 09:26:46 ===
=== START IMPORT 2017-08-30 09:26:49 ===
Importing segments...
0 segments imported
Importing custom fields...
0 custom fields imported
Importing subscribers...
0 subscribers imported
Importing forms...
0 forms imported
Settings imported
IMPORT COMPLETE
=== END IMPORT 2017-08-30 09:26:49 ===
